Resetting path to factory state.
Adding "ToolboxToolbox" to path at "/Users/joshuagold/Documents/MATLAB/ToolboxToolbox".

	Academic License

>> tbUseProject('Analysis_SingleCP_DotsReversal');
Locating project "Analysis_SingleCP_DotsReversal" within "/Users/joshuagold/Documents/MATLAB/projects".
  Found at "/Users/joshuagold/Documents/MATLAB/projects/Analysis_SingleCP_DotsReversal".
Local copy of ToolboxToolbox is up to date.
Updating "ToolboxRegistry".
Already up-to-date.
Found "Analysis_SingleCP_DotsReversal" and skipping update.
Found "Task_SingleCP_DotsReversal" and skipping update.
Updating "Lab_Matlab_Control_stable".
From https://github.com/TheGoldLab/Lab_Matlab_Control
 * branch            stable     -> FETCH_HEAD
Already up-to-date.
Updating "Lab_Matlab_Utilities".
Already up-to-date.
Updating "mgl".
Already up-to-date.
Updating "mQUESTPlus".
Already up-to-date.
Resetting path to factory state.
Adding "ToolboxToolbox" to path at "/Users/joshuagold/Documents/MATLAB/ToolboxToolbox".
Adding "Analysis_SingleCP_DotsReversal" to path at "/Users/joshuagold/Documents/MATLAB/projects/Analysis_SingleCP_DotsReversal".
Adding "Task_SingleCP_DotsReversal" to path at "/Users/joshuagold/Documents/MATLAB/toolboxes/Task_SingleCP_DotsReversal".
Adding "Lab_Matlab_Control_stable" to path at "/Users/joshuagold/Documents/MATLAB/toolboxes/Lab_Matlab_Control_stable".
Adding "Lab_Matlab_Utilities" to path at "/Users/joshuagold/Documents/MATLAB/toolboxes/Lab_Matlab_Utilities".
Adding "mgl" to path at "/Users/joshuagold/Documents/MATLAB/toolboxes/mgl".
Adding "mQUESTPlus" to path at "/Users/joshuagold/Documents/MATLAB/toolboxes/mQUESTPlus".
Checking for "Analysis_SingleCP_DotsReversal" local hook.
Checking for "Task_SingleCP_DotsReversal" local hook.
Checking for "Lab_Matlab_Control_stable" local hook.
Checking for "Lab_Matlab_Utilities" local hook.
Checking for "mgl" local hook.
Checking for "mQUESTPlus" local hook.
Looks good: 6 resolved toolboxes deployed OK.
>> mat2csv
/Users/joshuagold/Documents/MATLAB/projects/Task_SingleCP_DotsReversal/data/DotsReproducibilityTest/raw/2019_09_27_11_29/
Warning: Cannot load an object of class 'dotsDrawableDotKinetogramDebug':
Its class cannot be found. 
> In topsDataFile.read (line 119)
  In topsDataLog/readIncrementFromFile (line 136)
  In topsDataLog.readDataFile (line 479)
  In topsDataLog.getTaggedData (line 564)
  In load_SingleCP_file (line 12)
  In mat2csv (line 33) 
FIRA defined
/Users/joshuagold/Documents/MATLAB/projects/Task_SingleCP_DotsReversal/data/DotsReproducibilityTest/raw/2019_09_27_11_29/
2019_09_27_11_29_topsDataLog.mat
in the loop
trials
exiting load_SingleCP_file
FIRA written
dots written

