
                            < M A T L A B (R) >
                  Copyright 1984-2016 The MathWorks, Inc.
               R2016a Update 7 (9.0.0.960322) 64-bit (maci64)
                             September 20, 2018

 
To get started, type one of these: helpwin, helpdesk, or demo.
For product information, visit www.mathworks.com.
 
Resetting path to factory state.
Adding "ToolboxToolbox" to path at "/Users/adrian/Documents/MATLAB/ToolboxToolbox".
    ----------------------------------------------------
	Your MATLAB license will expire in 29 days.
	Please contact your system administrator or
	MathWorks to renew this license.
    ----------------------------------------------------

	Academic License

>> >> >> >> >> >> >> >> >> >> >> >> Locating project "Analysis_SingleCP_DotsReversal" within "/Users/adrian/Documents/MATLAB/projects".
  Found at "/Users/adrian/Documents/MATLAB/projects/Analysis_SingleCP_DotsReversal".
Local copy of ToolboxToolbox is up to date.
Updating "ToolboxRegistry".
Already up to date.
Found "Analysis_SingleCP_DotsReversal" and skipping update.
Updating "Task_SingleCP_DotsReversal_dev".
From https://github.com/TheGoldLab/Task_SingleCP_DotsReversal
 * branch            dev        -> FETCH_HEAD
Already up to date.
Updating "Lab_Matlab_Control_stable".
From https://github.com/TheGoldLab/Lab_Matlab_Control
 * branch            stable     -> FETCH_HEAD
Already up to date.
Updating "Lab_Matlab_Utilities".
Already up to date.
Updating "mgl".
Already up to date.
Updating "mQUESTPlus".
Already up to date.
Resetting path to factory state.
Adding "ToolboxToolbox" to path at "/Users/adrian/Documents/MATLAB/ToolboxToolbox".
Adding "Analysis_SingleCP_DotsReversal" to path at "/Users/adrian/Documents/MATLAB/projects/Analysis_SingleCP_DotsReversal".
Adding "Task_SingleCP_DotsReversal_dev" to path at "/Users/adrian/Documents/MATLAB/toolboxes/Task_SingleCP_DotsReversal_dev".
Adding "Lab_Matlab_Control_stable" to path at "/Users/adrian/Documents/MATLAB/toolboxes/Lab_Matlab_Control_stable".
Adding "Lab_Matlab_Utilities" to path at "/Users/adrian/Documents/MATLAB/toolboxes/Lab_Matlab_Utilities".
Adding "mgl" to path at "/Users/adrian/Documents/MATLAB/toolboxes/mgl".
Adding "mQUESTPlus" to path at "/Users/adrian/Documents/MATLAB/toolboxes/mQUESTPlus".
Checking for "Analysis_SingleCP_DotsReversal" local hook.
Checking for "Task_SingleCP_DotsReversal_dev" local hook.
Checking for "Lab_Matlab_Control_stable" local hook.
Checking for "Lab_Matlab_Utilities" local hook.
Checking for "mgl" local hook.
Checking for "mQUESTPlus" local hook.
Looks good: 6 resolved toolboxes deployed OK.
>> >> >> >> >>     'c577366758027956b21fcb95a8db0d1e'
    'x30bdd3d8ad24d522dc158030fb5c18d7'
    'c71c3808bc33ba05928e1bc5f93a9078'
    'x5f5dbb54ed21cfeb4ac045e0328181cc'
    'x648f9ad78ad1211c172d1a1cd2c5af3f'

>> >> >> >> >> >> >>     'session1'
    'session2'

>> >> >> >> /Users/adrian/SingleCP_DotsReversal/raw/2019_07_03_16_32/
>> >> >> >> >> FIRA defined
/Users/adrian/SingleCP_DotsReversal/raw/2019_07_03_16_32/
2019_07_03_16_32_topsDataLog.mat
in the loop
Quest
in the loop
Block2
in the loop
Block3
in the loop
Block4
exiting load_SingleCP_file
>> >> >> FIRA written
>> >> >> >> >> >> >> >> >> >> >> dots written
>> >> all dumped, for all subjects and all sessions
>> 